<?xml version="1.0" encoding="UTF-8"?>
<!-- Generated by org.testng.reporters.JUnitXMLReporter -->
<testsuite ignored="0" hostname="Bhagyashri" failures="1" tests="4" name="HighpTest1" time="52.155" errors="0" timestamp="2022-06-01T13:49:24 IST">
  <testcase classname="com.SauceDemo1.TestClasses.TC01LoginFunctionalityTestClass" name="LoginPagetest" time="0.024">
    <failure type="java.lang.AssertionError" message="expected [Labs] but found [Swag Labs]">
      <![CDATA[java.lang.AssertionError: expected [Labs] but found [Swag Labs]
at com.SauceDemo1.TestClasses.TC01LoginFunctionalityTestClass.LoginPagetest(TC01LoginFunctionalityTestClass.java:37)
at java.base/java.util.ArrayList.forEach(ArrayList.java:1511)
... Removed 33 stack frames]]>
    </failure>
  </testcase> <!-- LoginPagetest -->
  <testcase classname="com.SauceDemo1.TestClasses.TC03SingleProductAddTOcarFunctionalityTestclass" name="SingleProductAddTOcart" time="0.328"/>
  <testcase classname="com.SauceDemo1.TestClasses.TC02LogoutFunctionalityTestClass" name="logOutFunctionality" time="0.723"/>
  <testcase classname="com.SauceDemo1.TestClasses.TC04MultipleProductAddToCartFunctionality" name="MultipleProductAddTOcart" time="8.398"/>
</testsuite> <!-- HighpTest1 -->
