<?xml version="1.0" encoding="UTF-8"?>
<!-- Generated by org.testng.reporters.JUnitXMLReporter -->
<testsuite ignored="0" hostname="Bhagyashri" failures="0" tests="4" name="Test" time="0.117" errors="0" timestamp="2022-06-01T13:40:19 IST">
  <testcase classname="com.SauceDemo1.TestClasses.TestBaseClass" name="@BeforeMethod setUP" time="-1.654071019571E9">
    <failure type="org.testng.TestNGException" message="
Parameter &amp;apos;browserName&amp;apos; is required by BeforeMethod on method setUP but has not been marked @Optional or defined
in C:\Users\Bhagyashri\eclipse-workspace\12febDemoProject\testng.xml">
      <![CDATA[org.testng.TestNGException: 
Parameter 'browserName' is required by BeforeMethod on method setUP but has not been marked @Optional or defined
in C:\Users\Bhagyashri\eclipse-workspace\12febDemoProject\testng.xml
at java.base/java.util.ArrayList.forEach(ArrayList.java:1511)
... Removed 28 stack frames]]>
    </failure>
  </testcase> <!-- @BeforeMethod setUP -->
  <testcase classname="com.SauceDemo1.TestClasses.TestBaseClass" name="@AfterMethod tearDown" time="-1.654071019593E9">
    <skipped/>
  </testcase> <!-- @AfterMethod tearDown -->
  <testcase classname="com.SauceDemo1.TestClasses.TestBaseClass" name="@BeforeMethod setUP" time="-1.654071019598E9">
    <failure type="org.testng.TestNGException" message="
Parameter &amp;apos;browserName&amp;apos; is required by BeforeMethod on method setUP but has not been marked @Optional or defined
in C:\Users\Bhagyashri\eclipse-workspace\12febDemoProject\testng.xml">
      <![CDATA[org.testng.TestNGException: 
Parameter 'browserName' is required by BeforeMethod on method setUP but has not been marked @Optional or defined
in C:\Users\Bhagyashri\eclipse-workspace\12febDemoProject\testng.xml
at java.base/java.util.ArrayList.forEach(ArrayList.java:1511)
... Removed 28 stack frames]]>
    </failure>
  </testcase> <!-- @BeforeMethod setUP -->
  <testcase classname="com.SauceDemo1.TestClasses.TestBaseClass" name="@AfterMethod tearDown" time="-1.654071019605E9">
    <skipped/>
  </testcase> <!-- @AfterMethod tearDown -->
  <testcase classname="com.SauceDemo1.TestClasses.TestBaseClass" name="@BeforeMethod setUP" time="-1.654071019608E9">
    <failure type="org.testng.TestNGException" message="
Parameter &amp;apos;browserName&amp;apos; is required by BeforeMethod on method setUP but has not been marked @Optional or defined
in C:\Users\Bhagyashri\eclipse-workspace\12febDemoProject\testng.xml">
      <![CDATA[org.testng.TestNGException: 
Parameter 'browserName' is required by BeforeMethod on method setUP but has not been marked @Optional or defined
in C:\Users\Bhagyashri\eclipse-workspace\12febDemoProject\testng.xml
at java.base/java.util.ArrayList.forEach(ArrayList.java:1511)
... Removed 28 stack frames]]>
    </failure>
  </testcase> <!-- @BeforeMethod setUP -->
  <testcase classname="com.SauceDemo1.TestClasses.TestBaseClass" name="@AfterMethod tearDown" time="-1.654071019615E9">
    <skipped/>
  </testcase> <!-- @AfterMethod tearDown -->
  <testcase classname="com.SauceDemo1.TestClasses.TestBaseClass" name="@BeforeMethod setUP" time="-1.654071019619E9">
    <failure type="org.testng.TestNGException" message="
Parameter &amp;apos;browserName&amp;apos; is required by BeforeMethod on method setUP but has not been marked @Optional or defined
in C:\Users\Bhagyashri\eclipse-workspace\12febDemoProject\testng.xml">
      <![CDATA[org.testng.TestNGException: 
Parameter 'browserName' is required by BeforeMethod on method setUP but has not been marked @Optional or defined
in C:\Users\Bhagyashri\eclipse-workspace\12febDemoProject\testng.xml
at java.base/java.util.ArrayList.forEach(ArrayList.java:1511)
... Removed 28 stack frames]]>
    </failure>
  </testcase> <!-- @BeforeMethod setUP -->
  <testcase classname="com.SauceDemo1.TestClasses.TestBaseClass" name="@AfterMethod tearDown" time="-1.654071019626E9">
    <skipped/>
  </testcase> <!-- @AfterMethod tearDown -->
  <testcase classname="com.SauceDemo1.TestClasses.TC01LoginFunctionalityTestClass" name="LoginPagetest" time="0.0">
    <skipped/>
  </testcase> <!-- LoginPagetest -->
  <testcase classname="com.SauceDemo1.TestClasses.TC03SingleProductAddTOcarFunctionalityTestclass" name="SingleProductAddTOcart" time="0.0">
    <skipped/>
  </testcase> <!-- SingleProductAddTOcart -->
  <testcase classname="com.SauceDemo1.TestClasses.TC02LogoutFunctionalityTestClass" name="logOutFunctionality" time="0.0">
    <skipped/>
  </testcase> <!-- logOutFunctionality -->
  <testcase classname="com.SauceDemo1.TestClasses.TC04MultipleProductAddToCartFunctionality" name="MultipleProductAddTOcart" time="0.0">
    <skipped/>
  </testcase> <!-- MultipleProductAddTOcart -->
</testsuite> <!-- Test -->
