<?xml version="1.0" encoding="UTF-8"?>
<testng-results ignored="0" total="8" passed="6" failed="2" skipped="0">
  <reporter-output>
  </reporter-output>
  <suite started-at="2022-06-01T13:48:03 IST" name="Suite" finished-at="2022-06-01T13:49:24 IST" duration-ms="80655">
    <groups>
    </groups>
    <test started-at="2022-06-01T13:48:03 IST" name="HighpTest" finished-at="2022-06-01T13:48:32 IST" duration-ms="28402">
      <class name="com.SauceDemo1.TestClasses.TC04MultipleProductAddToCartFunctionality">
        <test-method is-config="true" signature="setUP(java.lang.String)[pri:0, instance:com.SauceDemo1.TestClasses.TC04MultipleProductAddToCartFunctionality@f5acb9d]" started-at="2022-06-01T13:48:20 IST" name="setUP" finished-at="2022-06-01T13:48:24 IST" duration-ms="4069" status="PASS">
          <params>
            <param index="0">
              <value>
                <![CDATA[chrome]]>
              </value>
            </param>
          </params>
          <reporter-output>
          </reporter-output>
        </test-method> <!-- setUP -->
        <test-method signature="MultipleProductAddTOcart()[pri:0, instance:com.SauceDemo1.TestClasses.TC04MultipleProductAddToCartFunctionality@f5acb9d]" started-at="2022-06-01T13:48:24 IST" name="MultipleProductAddTOcart" finished-at="2022-06-01T13:48:31 IST" duration-ms="7439" status="PASS">
          <reporter-output>
          </reporter-output>
        </test-method> <!-- MultipleProductAddTOcart -->
        <test-method is-config="true" signature="tearDown()[pri:0, instance:com.SauceDemo1.TestClasses.TC04MultipleProductAddToCartFunctionality@f5acb9d]" started-at="2022-06-01T13:48:31 IST" name="tearDown" finished-at="2022-06-01T13:48:32 IST" duration-ms="566" status="PASS">
          <reporter-output>
          </reporter-output>
        </test-method> <!-- tearDown -->
      </class> <!-- com.SauceDemo1.TestClasses.TC04MultipleProductAddToCartFunctionality -->
      <class name="com.SauceDemo1.TestClasses.TC02LogoutFunctionalityTestClass">
        <test-method is-config="true" signature="setUP(java.lang.String)[pri:0, instance:com.SauceDemo1.TestClasses.TC02LogoutFunctionalityTestClass@543588e6]" started-at="2022-06-01T13:48:14 IST" name="setUP" finished-at="2022-06-01T13:48:19 IST" duration-ms="4139" status="PASS">
          <params>
            <param index="0">
              <value>
                <![CDATA[chrome]]>
              </value>
            </param>
          </params>
          <reporter-output>
          </reporter-output>
        </test-method> <!-- setUP -->
        <test-method signature="logOutFunctionality()[pri:0, instance:com.SauceDemo1.TestClasses.TC02LogoutFunctionalityTestClass@543588e6]" started-at="2022-06-01T13:48:19 IST" name="logOutFunctionality" finished-at="2022-06-01T13:48:19 IST" duration-ms="523" status="PASS">
          <reporter-output>
          </reporter-output>
        </test-method> <!-- logOutFunctionality -->
        <test-method is-config="true" signature="tearDown()[pri:0, instance:com.SauceDemo1.TestClasses.TC02LogoutFunctionalityTestClass@543588e6]" started-at="2022-06-01T13:48:19 IST" name="tearDown" finished-at="2022-06-01T13:48:20 IST" duration-ms="490" status="PASS">
          <reporter-output>
          </reporter-output>
        </test-method> <!-- tearDown -->
      </class> <!-- com.SauceDemo1.TestClasses.TC02LogoutFunctionalityTestClass -->
      <class name="com.SauceDemo1.TestClasses.TC03SingleProductAddTOcarFunctionalityTestclass">
        <test-method is-config="true" signature="setUP(java.lang.String)[pri:0, instance:com.SauceDemo1.TestClasses.TC03SingleProductAddTOcarFunctionalityTestclass@58695725]" started-at="2022-06-01T13:48:09 IST" name="setUP" finished-at="2022-06-01T13:48:14 IST" duration-ms="4322" status="PASS">
          <params>
            <param index="0">
              <value>
                <![CDATA[chrome]]>
              </value>
            </param>
          </params>
          <reporter-output>
          </reporter-output>
        </test-method> <!-- setUP -->
        <test-method signature="SingleProductAddTOcart()[pri:0, instance:com.SauceDemo1.TestClasses.TC03SingleProductAddTOcarFunctionalityTestclass@58695725]" started-at="2022-06-01T13:48:14 IST" name="SingleProductAddTOcart" finished-at="2022-06-01T13:48:14 IST" duration-ms="185" status="PASS">
          <reporter-output>
          </reporter-output>
        </test-method> <!-- SingleProductAddTOcart -->
        <test-method is-config="true" signature="tearDown()[pri:0, instance:com.SauceDemo1.TestClasses.TC03SingleProductAddTOcarFunctionalityTestclass@58695725]" started-at="2022-06-01T13:48:14 IST" name="tearDown" finished-at="2022-06-01T13:48:14 IST" duration-ms="506" status="PASS">
          <reporter-output>
          </reporter-output>
        </test-method> <!-- tearDown -->
      </class> <!-- com.SauceDemo1.TestClasses.TC03SingleProductAddTOcarFunctionalityTestclass -->
      <class name="com.SauceDemo1.TestClasses.TC01LoginFunctionalityTestClass">
        <test-method is-config="true" signature="setUP(java.lang.String)[pri:0, instance:com.SauceDemo1.TestClasses.TC01LoginFunctionalityTestClass@3c73951]" started-at="2022-06-01T13:48:03 IST" name="setUP" finished-at="2022-06-01T13:48:09 IST" duration-ms="5576" status="PASS">
          <params>
            <param index="0">
              <value>
                <![CDATA[chrome]]>
              </value>
            </param>
          </params>
          <reporter-output>
          </reporter-output>
        </test-method> <!-- setUP -->
        <test-method signature="LoginPagetest()[pri:0, instance:com.SauceDemo1.TestClasses.TC01LoginFunctionalityTestClass@3c73951]" started-at="2022-06-01T13:48:09 IST" name="LoginPagetest" finished-at="2022-06-01T13:48:09 IST" duration-ms="35" status="FAIL">
          <exception class="java.lang.AssertionError">
            <message>
              <![CDATA[expected [Labs] but found [Swag Labs]]]>
            </message>
            <full-stacktrace>
              <![CDATA[java.lang.AssertionError: expected [Labs] but found [Swag Labs]
at org.testng.Assert.fail(Assert.java:99)
at org.testng.Assert.failNotEquals(Assert.java:1037)
at org.testng.Assert.assertEqualsImpl(Assert.java:140)
at org.testng.Assert.assertEquals(Assert.java:122)
at org.testng.Assert.assertEquals(Assert.java:629)
at org.testng.Assert.assertEquals(Assert.java:639)
at com.SauceDemo1.TestClasses.TC01LoginFunctionalityTestClass.LoginPagetest(TC01LoginFunctionalityTestClass.java:37)
at java.base/jdk.internal.reflect.NativeMethodAccessorImpl.invoke0(Native Method)
at java.base/jdk.internal.reflect.NativeMethodAccessorImpl.invoke(NativeMethodAccessorImpl.java:77)
at java.base/jdk.internal.reflect.DelegatingMethodAccessorImpl.invoke(DelegatingMethodAccessorImpl.java:43)
at java.base/java.lang.reflect.Method.invoke(Method.java:568)
at org.testng.internal.MethodInvocationHelper.invokeMethod(MethodInvocationHelper.java:133)
at org.testng.internal.TestInvoker.invokeMethod(TestInvoker.java:598)
at org.testng.internal.TestInvoker.invokeTestMethod(TestInvoker.java:173)
at org.testng.internal.MethodRunner.runInSequence(MethodRunner.java:46)
at org.testng.internal.TestInvoker$MethodInvocationAgent.invoke(TestInvoker.java:824)
at org.testng.internal.TestInvoker.invokeTestMethods(TestInvoker.java:146)
at org.testng.internal.TestMethodWorker.invokeTestMethods(TestMethodWorker.java:146)
at org.testng.internal.TestMethodWorker.run(TestMethodWorker.java:128)
at java.base/java.util.ArrayList.forEach(ArrayList.java:1511)
at org.testng.TestRunner.privateRun(TestRunner.java:794)
at org.testng.TestRunner.run(TestRunner.java:596)
at org.testng.SuiteRunner.runTest(SuiteRunner.java:377)
at org.testng.SuiteRunner.runSequentially(SuiteRunner.java:371)
at org.testng.SuiteRunner.privateRun(SuiteRunner.java:332)
at org.testng.SuiteRunner.run(SuiteRunner.java:276)
at org.testng.SuiteRunnerWorker.runSuite(SuiteRunnerWorker.java:53)
at org.testng.SuiteRunnerWorker.run(SuiteRunnerWorker.java:96)
at org.testng.TestNG.runSuitesSequentially(TestNG.java:1212)
at org.testng.TestNG.runSuitesLocally(TestNG.java:1134)
at org.testng.TestNG.runSuites(TestNG.java:1063)
at org.testng.TestNG.run(TestNG.java:1031)
at org.testng.remote.AbstractRemoteTestNG.run(AbstractRemoteTestNG.java:115)
at org.testng.remote.RemoteTestNG.initAndRun(RemoteTestNG.java:251)
at org.testng.remote.RemoteTestNG.main(RemoteTestNG.java:77)
]]>
            </full-stacktrace>
          </exception> <!-- java.lang.AssertionError -->
          <reporter-output>
          </reporter-output>
        </test-method> <!-- LoginPagetest -->
        <test-method is-config="true" signature="tearDown()[pri:0, instance:com.SauceDemo1.TestClasses.TC01LoginFunctionalityTestClass@3c73951]" started-at="2022-06-01T13:48:09 IST" name="tearDown" finished-at="2022-06-01T13:48:09 IST" duration-ms="463" status="PASS">
          <reporter-output>
          </reporter-output>
        </test-method> <!-- tearDown -->
      </class> <!-- com.SauceDemo1.TestClasses.TC01LoginFunctionalityTestClass -->
    </test> <!-- HighpTest -->
    <test started-at="2022-06-01T13:48:32 IST" name="HighpTest1" finished-at="2022-06-01T13:49:24 IST" duration-ms="52155">
      <class name="com.SauceDemo1.TestClasses.TC04MultipleProductAddToCartFunctionality">
        <test-method is-config="true" signature="setUP(java.lang.String)[pri:0, instance:com.SauceDemo1.TestClasses.TC04MultipleProductAddToCartFunctionality@659499f1]" started-at="2022-06-01T13:49:05 IST" name="setUP" finished-at="2022-06-01T13:49:14 IST" duration-ms="9188" status="PASS">
          <params>
            <param index="0">
              <value>
                <![CDATA[Firefox]]>
              </value>
            </param>
          </params>
          <reporter-output>
          </reporter-output>
        </test-method> <!-- setUP -->
        <test-method signature="MultipleProductAddTOcart()[pri:0, instance:com.SauceDemo1.TestClasses.TC04MultipleProductAddToCartFunctionality@659499f1]" started-at="2022-06-01T13:49:14 IST" name="MultipleProductAddTOcart" finished-at="2022-06-01T13:49:22 IST" duration-ms="8398" status="PASS">
          <reporter-output>
          </reporter-output>
        </test-method> <!-- MultipleProductAddTOcart -->
        <test-method is-config="true" signature="tearDown()[pri:0, instance:com.SauceDemo1.TestClasses.TC04MultipleProductAddToCartFunctionality@659499f1]" started-at="2022-06-01T13:49:22 IST" name="tearDown" finished-at="2022-06-01T13:49:24 IST" duration-ms="1407" status="PASS">
          <reporter-output>
          </reporter-output>
        </test-method> <!-- tearDown -->
      </class> <!-- com.SauceDemo1.TestClasses.TC04MultipleProductAddToCartFunctionality -->
      <class name="com.SauceDemo1.TestClasses.TC02LogoutFunctionalityTestClass">
        <test-method is-config="true" signature="setUP(java.lang.String)[pri:0, instance:com.SauceDemo1.TestClasses.TC02LogoutFunctionalityTestClass@71a8adcf]" started-at="2022-06-01T13:48:54 IST" name="setUP" finished-at="2022-06-01T13:49:02 IST" duration-ms="8261" status="PASS">
          <params>
            <param index="0">
              <value>
                <![CDATA[Firefox]]>
              </value>
            </param>
          </params>
          <reporter-output>
          </reporter-output>
        </test-method> <!-- setUP -->
        <test-method signature="logOutFunctionality()[pri:0, instance:com.SauceDemo1.TestClasses.TC02LogoutFunctionalityTestClass@71a8adcf]" started-at="2022-06-01T13:49:02 IST" name="logOutFunctionality" finished-at="2022-06-01T13:49:03 IST" duration-ms="723" status="PASS">
          <reporter-output>
          </reporter-output>
        </test-method> <!-- logOutFunctionality -->
        <test-method is-config="true" signature="tearDown()[pri:0, instance:com.SauceDemo1.TestClasses.TC02LogoutFunctionalityTestClass@71a8adcf]" started-at="2022-06-01T13:49:03 IST" name="tearDown" finished-at="2022-06-01T13:49:05 IST" duration-ms="1716" status="PASS">
          <reporter-output>
          </reporter-output>
        </test-method> <!-- tearDown -->
      </class> <!-- com.SauceDemo1.TestClasses.TC02LogoutFunctionalityTestClass -->
      <class name="com.SauceDemo1.TestClasses.TC03SingleProductAddTOcarFunctionalityTestclass">
        <test-method is-config="true" signature="setUP(java.lang.String)[pri:0, instance:com.SauceDemo1.TestClasses.TC03SingleProductAddTOcarFunctionalityTestclass@49049a04]" started-at="2022-06-01T13:48:44 IST" name="setUP" finished-at="2022-06-01T13:48:52 IST" duration-ms="8386" status="PASS">
          <params>
            <param index="0">
              <value>
                <![CDATA[Firefox]]>
              </value>
            </param>
          </params>
          <reporter-output>
          </reporter-output>
        </test-method> <!-- setUP -->
        <test-method signature="SingleProductAddTOcart()[pri:0, instance:com.SauceDemo1.TestClasses.TC03SingleProductAddTOcarFunctionalityTestclass@49049a04]" started-at="2022-06-01T13:48:52 IST" name="SingleProductAddTOcart" finished-at="2022-06-01T13:48:52 IST" duration-ms="328" status="PASS">
          <reporter-output>
          </reporter-output>
        </test-method> <!-- SingleProductAddTOcart -->
        <test-method is-config="true" signature="tearDown()[pri:0, instance:com.SauceDemo1.TestClasses.TC03SingleProductAddTOcarFunctionalityTestclass@49049a04]" started-at="2022-06-01T13:48:52 IST" name="tearDown" finished-at="2022-06-01T13:48:54 IST" duration-ms="1868" status="PASS">
          <reporter-output>
          </reporter-output>
        </test-method> <!-- tearDown -->
      </class> <!-- com.SauceDemo1.TestClasses.TC03SingleProductAddTOcarFunctionalityTestclass -->
      <class name="com.SauceDemo1.TestClasses.TC01LoginFunctionalityTestClass">
        <test-method is-config="true" signature="setUP(java.lang.String)[pri:0, instance:com.SauceDemo1.TestClasses.TC01LoginFunctionalityTestClass@67f639d3]" started-at="2022-06-01T13:48:32 IST" name="setUP" finished-at="2022-06-01T13:48:42 IST" duration-ms="9999" status="PASS">
          <params>
            <param index="0">
              <value>
                <![CDATA[Firefox]]>
              </value>
            </param>
          </params>
          <reporter-output>
          </reporter-output>
        </test-method> <!-- setUP -->
        <test-method signature="LoginPagetest()[pri:0, instance:com.SauceDemo1.TestClasses.TC01LoginFunctionalityTestClass@67f639d3]" started-at="2022-06-01T13:48:42 IST" name="LoginPagetest" finished-at="2022-06-01T13:48:42 IST" duration-ms="24" status="FAIL">
          <exception class="java.lang.AssertionError">
            <message>
              <![CDATA[expected [Labs] but found [Swag Labs]]]>
            </message>
            <full-stacktrace>
              <![CDATA[java.lang.AssertionError: expected [Labs] but found [Swag Labs]
at org.testng.Assert.fail(Assert.java:99)
at org.testng.Assert.failNotEquals(Assert.java:1037)
at org.testng.Assert.assertEqualsImpl(Assert.java:140)
at org.testng.Assert.assertEquals(Assert.java:122)
at org.testng.Assert.assertEquals(Assert.java:629)
at org.testng.Assert.assertEquals(Assert.java:639)
at com.SauceDemo1.TestClasses.TC01LoginFunctionalityTestClass.LoginPagetest(TC01LoginFunctionalityTestClass.java:37)
at java.base/jdk.internal.reflect.NativeMethodAccessorImpl.invoke0(Native Method)
at java.base/jdk.internal.reflect.NativeMethodAccessorImpl.invoke(NativeMethodAccessorImpl.java:77)
at java.base/jdk.internal.reflect.DelegatingMethodAccessorImpl.invoke(DelegatingMethodAccessorImpl.java:43)
at java.base/java.lang.reflect.Method.invoke(Method.java:568)
at org.testng.internal.MethodInvocationHelper.invokeMethod(MethodInvocationHelper.java:133)
at org.testng.internal.TestInvoker.invokeMethod(TestInvoker.java:598)
at org.testng.internal.TestInvoker.invokeTestMethod(TestInvoker.java:173)
at org.testng.internal.MethodRunner.runInSequence(MethodRunner.java:46)
at org.testng.internal.TestInvoker$MethodInvocationAgent.invoke(TestInvoker.java:824)
at org.testng.internal.TestInvoker.invokeTestMethods(TestInvoker.java:146)
at org.testng.internal.TestMethodWorker.invokeTestMethods(TestMethodWorker.java:146)
at org.testng.internal.TestMethodWorker.run(TestMethodWorker.java:128)
at java.base/java.util.ArrayList.forEach(ArrayList.java:1511)
at org.testng.TestRunner.privateRun(TestRunner.java:794)
at org.testng.TestRunner.run(TestRunner.java:596)
at org.testng.SuiteRunner.runTest(SuiteRunner.java:377)
at org.testng.SuiteRunner.runSequentially(SuiteRunner.java:371)
at org.testng.SuiteRunner.privateRun(SuiteRunner.java:332)
at org.testng.SuiteRunner.run(SuiteRunner.java:276)
at org.testng.SuiteRunnerWorker.runSuite(SuiteRunnerWorker.java:53)
at org.testng.SuiteRunnerWorker.run(SuiteRunnerWorker.java:96)
at org.testng.TestNG.runSuitesSequentially(TestNG.java:1212)
at org.testng.TestNG.runSuitesLocally(TestNG.java:1134)
at org.testng.TestNG.runSuites(TestNG.java:1063)
at org.testng.TestNG.run(TestNG.java:1031)
at org.testng.remote.AbstractRemoteTestNG.run(AbstractRemoteTestNG.java:115)
at org.testng.remote.RemoteTestNG.initAndRun(RemoteTestNG.java:251)
at org.testng.remote.RemoteTestNG.main(RemoteTestNG.java:77)
]]>
            </full-stacktrace>
          </exception> <!-- java.lang.AssertionError -->
          <reporter-output>
          </reporter-output>
        </test-method> <!-- LoginPagetest -->
        <test-method is-config="true" signature="tearDown()[pri:0, instance:com.SauceDemo1.TestClasses.TC01LoginFunctionalityTestClass@67f639d3]" started-at="2022-06-01T13:48:42 IST" name="tearDown" finished-at="2022-06-01T13:48:44 IST" duration-ms="1840" status="PASS">
          <reporter-output>
          </reporter-output>
        </test-method> <!-- tearDown -->
      </class> <!-- com.SauceDemo1.TestClasses.TC01LoginFunctionalityTestClass -->
    </test> <!-- HighpTest1 -->
  </suite> <!-- Suite -->
</testng-results>
